2021/06/13 15:07:08 [warn] 1#1: conflicting server name "localhost" on 0.0.0.0:80, ignored
2021/06/13 15:07:08 [warn] 1#1: conflicting server name "localhost" on [::]:80, ignored
2021/06/13 15:07:08 [notice] 1#1: using the "epoll" event method
2021/06/13 15:07:08 [notice] 1#1: nginx/1.21.0
2021/06/13 15:07:08 [notice] 1#1: built by gcc 8.3.0 (Debian 8.3.0-6) 
2021/06/13 15:07:08 [notice] 1#1: OS: Linux 5.8.0-55-generic
2021/06/13 15:07:08 [notice] 1#1: getrlimit(RLIMIT_NOFILE): 1048576:1048576
2021/06/13 15:07:08 [notice] 1#1: start worker processes
2021/06/13 15:07:08 [notice] 1#1: start worker process 31
2021/06/13 15:07:08 [notice] 1#1: start worker process 32
2021/06/13 15:07:08 [notice] 1#1: start worker process 33
2021/06/13 15:07:08 [notice] 1#1: start worker process 34
2021/06/13 15:09:20 [notice] 1#1: signal 3 (SIGQUIT) received, shutting down
2021/06/13 15:09:20 [notice] 31#31: gracefully shutting down
2021/06/13 15:09:20 [notice] 33#33: gracefully shutting down
2021/06/13 15:09:20 [notice] 33#33: exiting
2021/06/13 15:09:20 [notice] 31#31: exiting
2021/06/13 15:09:20 [notice] 33#33: exit
2021/06/13 15:09:20 [notice] 31#31: exit
2021/06/13 15:09:20 [notice] 32#32: gracefully shutting down
2021/06/13 15:09:20 [notice] 34#34: gracefully shutting down
2021/06/13 15:09:20 [notice] 32#32: exiting
2021/06/13 15:09:20 [notice] 34#34: exiting
2021/06/13 15:09:20 [notice] 32#32: exit
2021/06/13 15:09:20 [notice] 34#34: exit
2021/06/13 15:09:20 [notice] 1#1: signal 17 (SIGCHLD) received from 31
2021/06/13 15:09:20 [notice] 1#1: worker process 31 exited with code 0
2021/06/13 15:09:20 [notice] 1#1: signal 29 (SIGIO) received
2021/06/13 15:09:20 [notice] 1#1: signal 17 (SIGCHLD) received from 33
2021/06/13 15:09:20 [notice] 1#1: worker process 33 exited with code 0
2021/06/13 15:09:20 [notice] 1#1: signal 29 (SIGIO) received
2021/06/13 15:09:20 [notice] 1#1: signal 17 (SIGCHLD) received from 32
2021/06/13 15:09:20 [notice] 1#1: worker process 32 exited with code 0
2021/06/13 15:09:20 [notice] 1#1: signal 29 (SIGIO) received
2021/06/13 15:09:20 [notice] 1#1: signal 17 (SIGCHLD) received from 34
2021/06/13 15:09:20 [notice] 1#1: worker process 34 exited with code 0
2021/06/13 15:09:20 [notice] 1#1: exit
2021/06/13 15:09:23 [warn] 1#1: conflicting server name "localhost" on 0.0.0.0:80, ignored
2021/06/13 15:09:23 [warn] 1#1: conflicting server name "localhost" on [::]:80, ignored
2021/06/13 15:09:23 [notice] 1#1: using the "epoll" event method
2021/06/13 15:09:23 [notice] 1#1: nginx/1.21.0
2021/06/13 15:09:23 [notice] 1#1: built by gcc 8.3.0 (Debian 8.3.0-6) 
2021/06/13 15:09:23 [notice] 1#1: OS: Linux 5.8.0-55-generic
2021/06/13 15:09:23 [notice] 1#1: getrlimit(RLIMIT_NOFILE): 1048576:1048576
2021/06/13 15:09:23 [notice] 1#1: start worker processes
2021/06/13 15:09:23 [notice] 1#1: start worker process 32
2021/06/13 15:09:23 [notice] 1#1: start worker process 33
2021/06/13 15:09:23 [notice] 1#1: start worker process 34
2021/06/13 15:09:23 [notice] 1#1: start worker process 35
2021/06/13 15:09:36 [error] 32#32: *3 open() "/usr/share/nginx/html/favicon.ico" failed (2: No such file or directory), client: 172.19.0.1, server: localhost, request: "GET /favicon.ico HTTP/1.1", host: "localhost:8080", referrer: "http://localhost:8080/"
2021/06/13 15:58:15 [notice] 1#1: signal 3 (SIGQUIT) received, shutting down
2021/06/13 15:58:15 [notice] 32#32: gracefully shutting down
2021/06/13 15:58:15 [notice] 33#33: gracefully shutting down
2021/06/13 15:58:15 [notice] 32#32: exiting
2021/06/13 15:58:15 [notice] 33#33: exiting
2021/06/13 15:58:15 [notice] 32#32: exit
2021/06/13 15:58:15 [notice] 33#33: exit
2021/06/13 15:58:15 [notice] 34#34: gracefully shutting down
2021/06/13 15:58:15 [notice] 34#34: exiting
2021/06/13 15:58:15 [notice] 34#34: exit
2021/06/13 15:58:15 [notice] 35#35: gracefully shutting down
2021/06/13 15:58:15 [notice] 35#35: exiting
2021/06/13 15:58:15 [notice] 35#35: exit
2021/06/13 15:58:15 [notice] 1#1: signal 17 (SIGCHLD) received from 34
2021/06/13 15:58:15 [notice] 1#1: worker process 34 exited with code 0
2021/06/13 15:58:15 [notice] 1#1: signal 29 (SIGIO) received
2021/06/13 15:58:15 [notice] 1#1: signal 17 (SIGCHLD) received from 35
2021/06/13 15:58:15 [notice] 1#1: worker process 35 exited with code 0
2021/06/13 15:58:15 [notice] 1#1: signal 29 (SIGIO) received
2021/06/13 15:58:15 [notice] 1#1: signal 17 (SIGCHLD) received from 33
2021/06/13 15:58:15 [notice] 1#1: worker process 33 exited with code 0
2021/06/13 15:58:15 [notice] 1#1: signal 29 (SIGIO) received
2021/06/13 15:58:15 [notice] 1#1: signal 17 (SIGCHLD) received from 32
2021/06/13 15:58:15 [notice] 1#1: worker process 32 exited with code 0
2021/06/13 15:58:15 [notice] 1#1: exit
2021/06/13 15:58:57 [warn] 1#1: conflicting server name "localhost" on 0.0.0.0:80, ignored
2021/06/13 15:58:57 [warn] 1#1: conflicting server name "localhost" on [::]:80, ignored
2021/06/13 15:58:57 [notice] 1#1: using the "epoll" event method
2021/06/13 15:58:57 [notice] 1#1: nginx/1.21.0
2021/06/13 15:58:57 [notice] 1#1: built by gcc 8.3.0 (Debian 8.3.0-6) 
2021/06/13 15:58:57 [notice] 1#1: OS: Linux 5.8.0-55-generic
2021/06/13 15:58:57 [notice] 1#1: getrlimit(RLIMIT_NOFILE): 1048576:1048576
2021/06/13 15:58:57 [notice] 1#1: start worker processes
2021/06/13 15:58:57 [notice] 1#1: start worker process 31
2021/06/13 15:58:57 [notice] 1#1: start worker process 32
2021/06/13 15:58:57 [notice] 1#1: start worker process 33
2021/06/13 15:58:57 [notice] 1#1: start worker process 34
2021/06/13 16:05:08 [notice] 1#1: signal 3 (SIGQUIT) received, shutting down
2021/06/13 16:05:08 [notice] 32#32: gracefully shutting down
2021/06/13 16:05:08 [notice] 31#31: gracefully shutting down
2021/06/13 16:05:08 [notice] 33#33: gracefully shutting down
2021/06/13 16:05:08 [notice] 32#32: exiting
2021/06/13 16:05:08 [notice] 31#31: exiting
2021/06/13 16:05:08 [notice] 33#33: exiting
2021/06/13 16:05:08 [notice] 32#32: exit
2021/06/13 16:05:08 [notice] 31#31: exit
2021/06/13 16:05:08 [notice] 33#33: exit
2021/06/13 16:05:08 [notice] 34#34: gracefully shutting down
2021/06/13 16:05:08 [notice] 34#34: exiting
2021/06/13 16:05:08 [notice] 34#34: exit
2021/06/13 16:05:08 [notice] 1#1: signal 17 (SIGCHLD) received from 33
2021/06/13 16:05:08 [notice] 1#1: worker process 33 exited with code 0
2021/06/13 16:05:08 [notice] 1#1: signal 29 (SIGIO) received
2021/06/13 16:05:08 [notice] 1#1: signal 17 (SIGCHLD) received from 31
2021/06/13 16:05:08 [notice] 1#1: worker process 31 exited with code 0
2021/06/13 16:05:08 [notice] 1#1: signal 29 (SIGIO) received
2021/06/13 16:05:08 [notice] 1#1: signal 17 (SIGCHLD) received from 32
2021/06/13 16:05:08 [notice] 1#1: worker process 32 exited with code 0
2021/06/13 16:05:08 [notice] 1#1: signal 29 (SIGIO) received
2021/06/13 16:05:08 [notice] 1#1: signal 17 (SIGCHLD) received from 34
2021/06/13 16:05:08 [notice] 1#1: worker process 34 exited with code 0
2021/06/13 16:05:08 [notice] 1#1: exit
2021/06/13 16:05:11 [warn] 1#1: conflicting server name "localhost" on 0.0.0.0:80, ignored
2021/06/13 16:05:11 [warn] 1#1: conflicting server name "localhost" on [::]:80, ignored
2021/06/13 16:05:11 [notice] 1#1: using the "epoll" event method
2021/06/13 16:05:11 [notice] 1#1: nginx/1.21.0
2021/06/13 16:05:11 [notice] 1#1: built by gcc 8.3.0 (Debian 8.3.0-6) 
2021/06/13 16:05:11 [notice] 1#1: OS: Linux 5.8.0-55-generic
2021/06/13 16:05:11 [notice] 1#1: getrlimit(RLIMIT_NOFILE): 1048576:1048576
2021/06/13 16:05:11 [notice] 1#1: start worker processes
2021/06/13 16:05:11 [notice] 1#1: start worker process 24
2021/06/13 16:05:11 [notice] 1#1: start worker process 25
2021/06/13 16:05:11 [notice] 1#1: start worker process 26
2021/06/13 16:05:11 [notice] 1#1: start worker process 27
2021/06/13 16:05:33 [error] 24#24: *3 open() "/usr/share/nginx/html/favicon.ico" failed (2: No such file or directory), client: 172.19.0.1, server: localhost, request: "GET /favicon.ico HTTP/1.1", host: "localhost:8080", referrer: "http://localhost:8080/"
2021/06/13 16:22:54 [warn] 1#1: conflicting server name "localhost" on 0.0.0.0:80, ignored
2021/06/13 16:22:54 [warn] 1#1: conflicting server name "localhost" on [::]:80, ignored
2021/06/13 16:22:54 [notice] 1#1: using the "epoll" event method
2021/06/13 16:22:54 [notice] 1#1: nginx/1.21.0
2021/06/13 16:22:54 [notice] 1#1: built by gcc 8.3.0 (Debian 8.3.0-6) 
2021/06/13 16:22:54 [notice] 1#1: OS: Linux 5.8.0-55-generic
2021/06/13 16:22:54 [notice] 1#1: getrlimit(RLIMIT_NOFILE): 1048576:1048576
2021/06/13 16:22:54 [notice] 1#1: start worker processes
2021/06/13 16:22:54 [notice] 1#1: start worker process 32
2021/06/13 16:22:54 [notice] 1#1: start worker process 33
2021/06/13 16:22:54 [notice] 1#1: start worker process 34
2021/06/13 16:22:54 [notice] 1#1: start worker process 35
2021/06/13 16:23:03 [error] 32#32: *1 open() "/usr/share/nginx/html/favicon.ico" failed (2: No such file or directory), client: 172.19.0.1, server: localhost, request: "GET /favicon.ico HTTP/1.1", host: "localhost:8080", referrer: "http://localhost:8080/"
2021/06/13 16:29:15 [notice] 1#1: signal 3 (SIGQUIT) received, shutting down
2021/06/13 16:29:15 [notice] 32#32: gracefully shutting down
2021/06/13 16:29:15 [notice] 32#32: exiting
2021/06/13 16:29:15 [notice] 34#34: gracefully shutting down
2021/06/13 16:29:15 [notice] 34#34: exiting
2021/06/13 16:29:15 [notice] 32#32: exit
2021/06/13 16:29:15 [notice] 34#34: exit
2021/06/13 16:29:15 [notice] 33#33: gracefully shutting down
2021/06/13 16:29:15 [notice] 35#35: gracefully shutting down
2021/06/13 16:29:15 [notice] 33#33: exiting
2021/06/13 16:29:15 [notice] 35#35: exiting
2021/06/13 16:29:15 [notice] 33#33: exit
2021/06/13 16:29:15 [notice] 35#35: exit
2021/06/13 16:29:15 [notice] 1#1: signal 17 (SIGCHLD) received from 32
2021/06/13 16:29:15 [notice] 1#1: worker process 32 exited with code 0
2021/06/13 16:29:15 [notice] 1#1: worker process 35 exited with code 0
2021/06/13 16:29:15 [notice] 1#1: signal 29 (SIGIO) received
2021/06/13 16:29:15 [notice] 1#1: signal 17 (SIGCHLD) received from 35
2021/06/13 16:29:15 [notice] 1#1: signal 17 (SIGCHLD) received from 34
2021/06/13 16:29:15 [notice] 1#1: worker process 34 exited with code 0
2021/06/13 16:29:15 [notice] 1#1: signal 29 (SIGIO) received
2021/06/13 16:29:15 [notice] 1#1: signal 17 (SIGCHLD) received from 33
2021/06/13 16:29:15 [notice] 1#1: worker process 33 exited with code 0
2021/06/13 16:29:15 [notice] 1#1: exit
2021/06/13 16:29:19 [emerg] 1#1: open() "/etc/nginx/nginx.conf" failed (2: No such file or directory)
2021/06/13 16:29:20 [emerg] 1#1: open() "/etc/nginx/nginx.conf" failed (2: No such file or directory)
2021/06/13 16:29:20 [emerg] 1#1: open() "/etc/nginx/nginx.conf" failed (2: No such file or directory)
2021/06/13 16:29:21 [emerg] 1#1: open() "/etc/nginx/nginx.conf" failed (2: No such file or directory)
2021/06/13 16:29:22 [emerg] 1#1: open() "/etc/nginx/nginx.conf" failed (2: No such file or directory)
2021/06/13 16:29:24 [emerg] 1#1: open() "/etc/nginx/nginx.conf" failed (2: No such file or directory)
2021/06/13 16:29:28 [emerg] 1#1: open() "/etc/nginx/nginx.conf" failed (2: No such file or directory)
2021/06/13 16:29:35 [emerg] 1#1: open() "/etc/nginx/nginx.conf" failed (2: No such file or directory)
2021/06/13 16:33:37 [emerg] 1#1: open() "/etc/nginx/nginx.conf" failed (2: No such file or directory)
2021/06/13 16:33:38 [emerg] 1#1: open() "/etc/nginx/nginx.conf" failed (2: No such file or directory)
2021/06/13 16:33:39 [emerg] 1#1: open() "/etc/nginx/nginx.conf" failed (2: No such file or directory)
2021/06/13 16:33:40 [emerg] 1#1: open() "/etc/nginx/nginx.conf" failed (2: No such file or directory)
2021/06/13 16:33:41 [emerg] 1#1: open() "/etc/nginx/nginx.conf" failed (2: No such file or directory)
2021/06/13 16:33:43 [emerg] 1#1: open() "/etc/nginx/nginx.conf" failed (2: No such file or directory)
2021/06/13 16:33:46 [emerg] 1#1: open() "/etc/nginx/nginx.conf" failed (2: No such file or directory)
2021/06/13 16:33:53 [emerg] 1#1: open() "/etc/nginx/nginx.conf" failed (2: No such file or directory)
2021/06/13 16:34:06 [emerg] 1#1: open() "/etc/nginx/nginx.conf" failed (2: No such file or directory)
2021/06/13 16:34:32 [emerg] 1#1: open() "/etc/nginx/nginx.conf" failed (2: No such file or directory)
2021/06/13 16:37:56 [emerg] 1#1: open() "/etc/nginx/mime.types" failed (2: No such file or directory) in /etc/nginx/nginx.conf:15
2021/06/13 16:37:57 [emerg] 1#1: open() "/etc/nginx/mime.types" failed (2: No such file or directory) in /etc/nginx/nginx.conf:15
2021/06/13 16:37:57 [emerg] 1#1: open() "/etc/nginx/mime.types" failed (2: No such file or directory) in /etc/nginx/nginx.conf:15
2021/06/13 16:37:58 [emerg] 1#1: open() "/etc/nginx/mime.types" failed (2: No such file or directory) in /etc/nginx/nginx.conf:15
2021/06/13 16:37:59 [emerg] 1#1: open() "/etc/nginx/mime.types" failed (2: No such file or directory) in /etc/nginx/nginx.conf:15
2021/06/13 16:38:01 [emerg] 1#1: open() "/etc/nginx/mime.types" failed (2: No such file or directory) in /etc/nginx/nginx.conf:15
2021/06/13 16:38:05 [emerg] 1#1: open() "/etc/nginx/mime.types" failed (2: No such file or directory) in /etc/nginx/nginx.conf:15
2021/06/13 16:38:11 [emerg] 1#1: open() "/etc/nginx/mime.types" failed (2: No such file or directory) in /etc/nginx/nginx.conf:15
2021/06/13 16:38:25 [emerg] 1#1: open() "/etc/nginx/mime.types" failed (2: No such file or directory) in /etc/nginx/nginx.conf:15
2021/06/13 16:38:51 [emerg] 1#1: open() "/etc/nginx/mime.types" failed (2: No such file or directory) in /etc/nginx/nginx.conf:15
2021/06/13 16:39:05 [emerg] 1#1: open() "/etc/nginx/mime.types" failed (2: No such file or directory) in /etc/nginx/nginx.conf:15
2021/06/13 16:39:05 [emerg] 1#1: open() "/etc/nginx/mime.types" failed (2: No such file or directory) in /etc/nginx/nginx.conf:15
2021/06/13 16:39:06 [emerg] 1#1: open() "/etc/nginx/mime.types" failed (2: No such file or directory) in /etc/nginx/nginx.conf:15
2021/06/13 16:39:07 [emerg] 1#1: open() "/etc/nginx/mime.types" failed (2: No such file or directory) in /etc/nginx/nginx.conf:15
2021/06/13 16:39:08 [emerg] 1#1: open() "/etc/nginx/mime.types" failed (2: No such file or directory) in /etc/nginx/nginx.conf:15
2021/06/13 16:39:10 [emerg] 1#1: open() "/etc/nginx/mime.types" failed (2: No such file or directory) in /etc/nginx/nginx.conf:15
2021/06/13 16:39:13 [emerg] 1#1: open() "/etc/nginx/mime.types" failed (2: No such file or directory) in /etc/nginx/nginx.conf:15
2021/06/13 16:39:20 [emerg] 1#1: open() "/etc/nginx/mime.types" failed (2: No such file or directory) in /etc/nginx/nginx.conf:15
2021/06/13 16:39:33 [emerg] 1#1: open() "/etc/nginx/mime.types" failed (2: No such file or directory) in /etc/nginx/nginx.conf:15
2021/06/13 16:39:59 [emerg] 1#1: open() "/etc/nginx/mime.types" failed (2: No such file or directory) in /etc/nginx/nginx.conf:15
2021/06/13 16:40:51 [emerg] 1#1: open() "/etc/nginx/mime.types" failed (2: No such file or directory) in /etc/nginx/nginx.conf:15
2021/06/13 16:41:51 [notice] 1#1: using the "epoll" event method
2021/06/13 16:41:51 [notice] 1#1: nginx/1.21.0
2021/06/13 16:41:51 [notice] 1#1: built by gcc 8.3.0 (Debian 8.3.0-6) 
2021/06/13 16:41:51 [notice] 1#1: OS: Linux 5.8.0-55-generic
2021/06/13 16:41:51 [notice] 1#1: getrlimit(RLIMIT_NOFILE): 1048576:1048576
2021/06/13 16:41:51 [notice] 1#1: start worker processes
2021/06/13 16:41:51 [notice] 1#1: start worker process 22
2021/06/13 16:41:51 [notice] 1#1: start worker process 23
2021/06/13 16:41:51 [notice] 1#1: start worker process 24
2021/06/13 16:41:51 [notice] 1#1: start worker process 25
2021/06/13 16:41:55 [notice] 1#1: using the "epoll" event method
2021/06/13 16:41:55 [notice] 1#1: nginx/1.21.0
2021/06/13 16:41:55 [notice] 1#1: built by gcc 8.3.0 (Debian 8.3.0-6) 
2021/06/13 16:41:55 [notice] 1#1: OS: Linux 5.8.0-55-generic
2021/06/13 16:41:55 [notice] 1#1: getrlimit(RLIMIT_NOFILE): 1048576:1048576
2021/06/13 16:41:55 [notice] 1#1: start worker processes
2021/06/13 16:41:55 [notice] 1#1: start worker process 23
2021/06/13 16:41:55 [notice] 1#1: start worker process 24
2021/06/13 16:41:55 [notice] 1#1: start worker process 25
2021/06/13 16:41:55 [notice] 1#1: start worker process 26
2021/06/13 16:42:56 [notice] 1#1: signal 3 (SIGQUIT) received, shutting down
2021/06/13 16:42:56 [notice] 26#26: gracefully shutting down
2021/06/13 16:42:56 [notice] 26#26: exiting
2021/06/13 16:42:56 [notice] 26#26: exit
2021/06/13 16:42:56 [notice] 23#23: gracefully shutting down
2021/06/13 16:42:56 [notice] 23#23: exiting
2021/06/13 16:42:56 [notice] 25#25: gracefully shutting down
2021/06/13 16:42:56 [notice] 25#25: exiting
2021/06/13 16:42:56 [notice] 23#23: exit
2021/06/13 16:42:56 [notice] 25#25: exit
2021/06/13 16:42:56 [notice] 24#24: gracefully shutting down
2021/06/13 16:42:56 [notice] 24#24: exiting
2021/06/13 16:42:56 [notice] 24#24: exit
2021/06/13 16:42:56 [notice] 1#1: signal 17 (SIGCHLD) received from 26
2021/06/13 16:42:56 [notice] 1#1: worker process 26 exited with code 0
2021/06/13 16:42:56 [notice] 1#1: signal 29 (SIGIO) received
2021/06/13 16:42:56 [notice] 1#1: signal 17 (SIGCHLD) received from 25
2021/06/13 16:42:56 [notice] 1#1: worker process 25 exited with code 0
2021/06/13 16:42:56 [notice] 1#1: signal 29 (SIGIO) received
2021/06/13 16:42:56 [notice] 1#1: signal 17 (SIGCHLD) received from 23
2021/06/13 16:42:56 [notice] 1#1: worker process 23 exited with code 0
2021/06/13 16:42:56 [notice] 1#1: signal 29 (SIGIO) received
2021/06/13 16:42:56 [notice] 1#1: signal 17 (SIGCHLD) received from 24
2021/06/13 16:42:56 [notice] 1#1: worker process 24 exited with code 0
2021/06/13 16:42:56 [notice] 1#1: exit
2021/06/13 16:44:54 [notice] 1#1: using the "epoll" event method
2021/06/13 16:44:54 [notice] 1#1: nginx/1.21.0
2021/06/13 16:44:54 [notice] 1#1: built by gcc 8.3.0 (Debian 8.3.0-6) 
2021/06/13 16:44:54 [notice] 1#1: OS: Linux 5.8.0-55-generic
2021/06/13 16:44:54 [notice] 1#1: getrlimit(RLIMIT_NOFILE): 1048576:1048576
2021/06/13 16:44:54 [notice] 1#1: start worker processes
2021/06/13 16:44:54 [notice] 1#1: start worker process 23
2021/06/13 16:44:54 [notice] 1#1: start worker process 24
2021/06/13 16:44:54 [notice] 1#1: start worker process 25
2021/06/13 16:44:54 [notice] 1#1: start worker process 26
2021/06/13 16:45:15 [error] 23#23: *3 open() "/usr/share/nginx/html/favicon.ico" failed (2: No such file or directory), client: 172.18.0.1, server: localhost, request: "GET /favicon.ico HTTP/1.1", host: "localhost:8080", referrer: "http://localhost:8080/"
2021/06/13 16:45:24 [notice] 1#1: signal 3 (SIGQUIT) received, shutting down
2021/06/13 16:45:24 [notice] 23#23: gracefully shutting down
2021/06/13 16:45:24 [notice] 24#24: gracefully shutting down
2021/06/13 16:45:24 [notice] 26#26: gracefully shutting down
2021/06/13 16:45:24 [notice] 23#23: exiting
2021/06/13 16:45:24 [notice] 24#24: exiting
2021/06/13 16:45:24 [notice] 23#23: exit
2021/06/13 16:45:24 [notice] 24#24: exit
2021/06/13 16:45:24 [notice] 25#25: gracefully shutting down
2021/06/13 16:45:24 [notice] 25#25: exiting
2021/06/13 16:45:24 [notice] 25#25: exit
2021/06/13 16:45:24 [notice] 26#26: exiting
2021/06/13 16:45:24 [notice] 26#26: exit
2021/06/13 16:45:24 [notice] 1#1: signal 17 (SIGCHLD) received from 23
2021/06/13 16:45:24 [notice] 1#1: worker process 23 exited with code 0
2021/06/13 16:45:24 [notice] 1#1: signal 29 (SIGIO) received
2021/06/13 16:45:24 [notice] 1#1: signal 17 (SIGCHLD) received from 26
2021/06/13 16:45:24 [notice] 1#1: worker process 26 exited with code 0
2021/06/13 16:45:24 [notice] 1#1: signal 29 (SIGIO) received
2021/06/13 16:45:24 [notice] 1#1: signal 17 (SIGCHLD) received from 25
2021/06/13 16:45:24 [notice] 1#1: worker process 25 exited with code 0
2021/06/13 16:45:24 [notice] 1#1: signal 29 (SIGIO) received
2021/06/13 16:45:24 [notice] 1#1: signal 17 (SIGCHLD) received from 24
2021/06/13 16:45:24 [notice] 1#1: worker process 24 exited with code 0
2021/06/13 16:45:24 [notice] 1#1: exit
2021/06/13 16:46:23 [notice] 1#1: using the "epoll" event method
2021/06/13 16:46:23 [notice] 1#1: nginx/1.21.0
2021/06/13 16:46:23 [notice] 1#1: built by gcc 8.3.0 (Debian 8.3.0-6) 
2021/06/13 16:46:23 [notice] 1#1: OS: Linux 5.8.0-55-generic
2021/06/13 16:46:23 [notice] 1#1: getrlimit(RLIMIT_NOFILE): 1048576:1048576
2021/06/13 16:46:23 [notice] 1#1: start worker processes
2021/06/13 16:46:23 [notice] 1#1: start worker process 21
2021/06/13 16:46:23 [notice] 1#1: start worker process 22
2021/06/13 16:46:23 [notice] 1#1: start worker process 23
2021/06/13 16:46:23 [notice] 1#1: start worker process 24
2021/06/13 16:46:35 [error] 21#21: *1 open() "/usr/share/nginx/html/favicon.ico" failed (2: No such file or directory), client: 172.18.0.1, server: localhost, request: "GET /favicon.ico HTTP/1.1", host: "localhost:8080", referrer: "http://localhost:8080/"
2021/06/13 16:47:12 [notice] 1#1: signal 3 (SIGQUIT) received, shutting down
2021/06/13 16:47:12 [notice] 21#21: gracefully shutting down
2021/06/13 16:47:12 [notice] 22#22: gracefully shutting down
2021/06/13 16:47:12 [notice] 21#21: exiting
2021/06/13 16:47:12 [notice] 22#22: exiting
2021/06/13 16:47:12 [notice] 22#22: exit
2021/06/13 16:47:12 [notice] 21#21: exit
2021/06/13 16:47:12 [notice] 23#23: gracefully shutting down
2021/06/13 16:47:12 [notice] 23#23: exiting
2021/06/13 16:47:12 [notice] 23#23: exit
2021/06/13 16:47:12 [notice] 24#24: gracefully shutting down
2021/06/13 16:47:12 [notice] 24#24: exiting
2021/06/13 16:47:12 [notice] 24#24: exit
2021/06/13 16:47:12 [notice] 1#1: signal 17 (SIGCHLD) received from 22
2021/06/13 16:47:12 [notice] 1#1: worker process 22 exited with code 0
2021/06/13 16:47:12 [notice] 1#1: signal 29 (SIGIO) received
2021/06/13 16:47:12 [notice] 1#1: signal 17 (SIGCHLD) received from 23
2021/06/13 16:47:12 [notice] 1#1: worker process 21 exited with code 0
2021/06/13 16:47:12 [notice] 1#1: worker process 23 exited with code 0
2021/06/13 16:47:12 [notice] 1#1: worker process 24 exited with code 0
2021/06/13 16:47:12 [notice] 1#1: exit
2021/06/13 16:48:47 [notice] 1#1: using the "epoll" event method
2021/06/13 16:48:47 [notice] 1#1: nginx/1.21.0
2021/06/13 16:48:47 [notice] 1#1: built by gcc 8.3.0 (Debian 8.3.0-6) 
2021/06/13 16:48:47 [notice] 1#1: OS: Linux 5.8.0-55-generic
2021/06/13 16:48:47 [notice] 1#1: getrlimit(RLIMIT_NOFILE): 1048576:1048576
2021/06/13 16:48:47 [notice] 1#1: start worker processes
2021/06/13 16:48:47 [notice] 1#1: start worker process 22
2021/06/13 16:48:47 [notice] 1#1: start worker process 23
2021/06/13 16:48:47 [notice] 1#1: start worker process 24
2021/06/13 16:48:47 [notice] 1#1: start worker process 25
2021/06/13 16:48:51 [error] 22#22: *1 directory index of "/usr/share/nginx/html/" is forbidden, client: 172.18.0.1, server: localhost, request: "GET / HTTP/1.1", host: "localhost:8080"
2021/06/13 16:48:51 [error] 22#22: *1 open() "/usr/share/nginx/html/favicon.ico" failed (2: No such file or directory), client: 172.18.0.1, server: localhost, request: "GET /favicon.ico HTTP/1.1", host: "localhost:8080", referrer: "http://localhost:8080/"
2021/06/13 16:49:05 [error] 22#22: *2 directory index of "/usr/share/nginx/html/" is forbidden, client: 172.18.0.1, server: localhost, request: "GET / HTTP/1.1", host: "localhost:8080"
2021/06/13 16:49:22 [error] 22#22: *4 user "admin": password mismatch, client: 172.18.0.1, server: localhost, request: "GET / HTTP/1.1", host: "localhost:8080"
2021/06/13 16:49:23 [error] 22#22: *4 directory index of "/usr/share/nginx/html/" is forbidden, client: 172.18.0.1, server: localhost, request: "GET / HTTP/1.1", host: "localhost:8080"
2021/06/13 16:49:23 [error] 22#22: *4 open() "/usr/share/nginx/html/favicon.ico" failed (2: No such file or directory), client: 172.18.0.1, server: localhost, request: "GET /favicon.ico HTTP/1.1", host: "localhost:8080", referrer: "http://localhost:8080/"
2021/06/13 16:50:01 [notice] 1#1: signal 3 (SIGQUIT) received, shutting down
2021/06/13 16:50:01 [notice] 22#22: gracefully shutting down
2021/06/13 16:50:01 [notice] 23#23: gracefully shutting down
2021/06/13 16:50:01 [notice] 24#24: gracefully shutting down
2021/06/13 16:50:01 [notice] 25#25: gracefully shutting down
2021/06/13 16:50:01 [notice] 22#22: exiting
2021/06/13 16:50:01 [notice] 23#23: exiting
2021/06/13 16:50:01 [notice] 24#24: exiting
2021/06/13 16:50:01 [notice] 25#25: exiting
2021/06/13 16:50:01 [notice] 24#24: exit
2021/06/13 16:50:01 [notice] 23#23: exit
2021/06/13 16:50:01 [notice] 22#22: exit
2021/06/13 16:50:01 [notice] 25#25: exit
2021/06/13 16:50:01 [notice] 1#1: signal 17 (SIGCHLD) received from 25
2021/06/13 16:50:01 [notice] 1#1: worker process 25 exited with code 0
2021/06/13 16:50:01 [notice] 1#1: signal 29 (SIGIO) received
2021/06/13 16:50:01 [notice] 1#1: signal 17 (SIGCHLD) received from 22
2021/06/13 16:50:01 [notice] 1#1: worker process 22 exited with code 0
2021/06/13 16:50:01 [notice] 1#1: signal 29 (SIGIO) received
2021/06/13 16:50:01 [notice] 1#1: signal 17 (SIGCHLD) received from 24
2021/06/13 16:50:01 [notice] 1#1: worker process 23 exited with code 0
2021/06/13 16:50:01 [notice] 1#1: worker process 24 exited with code 0
2021/06/13 16:50:01 [notice] 1#1: exit
2021/06/13 16:50:14 [notice] 1#1: using the "epoll" event method
2021/06/13 16:50:14 [notice] 1#1: nginx/1.21.0
2021/06/13 16:50:14 [notice] 1#1: built by gcc 8.3.0 (Debian 8.3.0-6) 
2021/06/13 16:50:14 [notice] 1#1: OS: Linux 5.8.0-55-generic
2021/06/13 16:50:14 [notice] 1#1: getrlimit(RLIMIT_NOFILE): 1048576:1048576
2021/06/13 16:50:14 [notice] 1#1: start worker processes
2021/06/13 16:50:14 [notice] 1#1: start worker process 22
2021/06/13 16:50:14 [notice] 1#1: start worker process 23
2021/06/13 16:50:14 [notice] 1#1: start worker process 24
2021/06/13 16:50:14 [notice] 1#1: start worker process 25
2021/06/13 16:50:22 [error] 25#25: *1 open() "/usr/share/nginx/html/favicon.ico" failed (2: No such file or directory), client: 172.18.0.1, server: localhost, request: "GET /favicon.ico HTTP/1.1", host: "localhost:8080", referrer: "http://localhost:8080/"
2021/06/13 16:50:40 [notice] 1#1: signal 3 (SIGQUIT) received, shutting down
2021/06/13 16:50:40 [notice] 24#24: gracefully shutting down
2021/06/13 16:50:40 [notice] 23#23: gracefully shutting down
2021/06/13 16:50:40 [notice] 24#24: exiting
2021/06/13 16:50:40 [notice] 23#23: exiting
2021/06/13 16:50:40 [notice] 23#23: exit
2021/06/13 16:50:40 [notice] 24#24: exit
2021/06/13 16:50:40 [notice] 22#22: gracefully shutting down
2021/06/13 16:50:40 [notice] 25#25: gracefully shutting down
2021/06/13 16:50:40 [notice] 22#22: exiting
2021/06/13 16:50:40 [notice] 25#25: exiting
2021/06/13 16:50:40 [notice] 22#22: exit
2021/06/13 16:50:40 [notice] 25#25: exit
2021/06/13 16:50:40 [notice] 1#1: signal 17 (SIGCHLD) received from 24
2021/06/13 16:50:40 [notice] 1#1: worker process 24 exited with code 0
2021/06/13 16:50:40 [notice] 1#1: signal 29 (SIGIO) received
2021/06/13 16:50:40 [notice] 1#1: signal 17 (SIGCHLD) received from 23
2021/06/13 16:50:40 [notice] 1#1: worker process 23 exited with code 0
2021/06/13 16:50:40 [notice] 1#1: worker process 25 exited with code 0
2021/06/13 16:50:40 [notice] 1#1: signal 29 (SIGIO) received
2021/06/13 16:50:40 [notice] 1#1: signal 17 (SIGCHLD) received from 22
2021/06/13 16:50:40 [notice] 1#1: worker process 22 exited with code 0
2021/06/13 16:50:40 [notice] 1#1: exit
2021/06/13 16:57:27 [notice] 1#1: using the "epoll" event method
2021/06/13 16:57:27 [notice] 1#1: nginx/1.21.0
2021/06/13 16:57:27 [notice] 1#1: built by gcc 8.3.0 (Debian 8.3.0-6) 
2021/06/13 16:57:27 [notice] 1#1: OS: Linux 5.8.0-55-generic
2021/06/13 16:57:27 [notice] 1#1: getrlimit(RLIMIT_NOFILE): 1048576:1048576
2021/06/13 16:57:27 [notice] 1#1: start worker processes
2021/06/13 16:57:27 [notice] 1#1: start worker process 21
2021/06/13 16:57:27 [notice] 1#1: start worker process 22
2021/06/13 16:57:27 [notice] 1#1: start worker process 23
2021/06/13 16:57:27 [notice] 1#1: start worker process 24
2021/06/13 16:59:14 [notice] 1#1: signal 3 (SIGQUIT) received, shutting down
2021/06/13 16:59:14 [notice] 23#23: gracefully shutting down
2021/06/13 16:59:14 [notice] 21#21: gracefully shutting down
2021/06/13 16:59:14 [notice] 22#22: gracefully shutting down
2021/06/13 16:59:14 [notice] 24#24: gracefully shutting down
2021/06/13 16:59:14 [notice] 23#23: exiting
2021/06/13 16:59:14 [notice] 21#21: exiting
2021/06/13 16:59:14 [notice] 22#22: exiting
2021/06/13 16:59:14 [notice] 24#24: exiting
2021/06/13 16:59:14 [notice] 23#23: exit
2021/06/13 16:59:14 [notice] 21#21: exit
2021/06/13 16:59:14 [notice] 22#22: exit
2021/06/13 16:59:14 [notice] 24#24: exit
2021/06/13 16:59:14 [notice] 1#1: signal 17 (SIGCHLD) received from 22
2021/06/13 16:59:14 [notice] 1#1: worker process 21 exited with code 0
2021/06/13 16:59:14 [notice] 1#1: worker process 22 exited with code 0
2021/06/13 16:59:14 [notice] 1#1: signal 29 (SIGIO) received
2021/06/13 16:59:14 [notice] 1#1: signal 17 (SIGCHLD) received from 21
2021/06/13 16:59:14 [notice] 1#1: signal 17 (SIGCHLD) received from 23
2021/06/13 16:59:14 [notice] 1#1: worker process 23 exited with code 0
2021/06/13 16:59:14 [notice] 1#1: signal 29 (SIGIO) received
2021/06/13 16:59:14 [notice] 1#1: signal 17 (SIGCHLD) received from 24
2021/06/13 16:59:14 [notice] 1#1: worker process 24 exited with code 0
2021/06/13 16:59:14 [notice] 1#1: exit
2021/06/13 17:14:55 [notice] 1#1: using the "epoll" event method
2021/06/13 17:14:55 [notice] 1#1: nginx/1.21.0
2021/06/13 17:14:55 [notice] 1#1: built by gcc 8.3.0 (Debian 8.3.0-6) 
2021/06/13 17:14:55 [notice] 1#1: OS: Linux 5.8.0-55-generic
2021/06/13 17:14:55 [notice] 1#1: getrlimit(RLIMIT_NOFILE): 1048576:1048576
2021/06/13 17:14:55 [notice] 1#1: start worker processes
2021/06/13 17:14:55 [notice] 1#1: start worker process 22
2021/06/13 17:14:55 [notice] 1#1: start worker process 23
2021/06/13 17:14:55 [notice] 1#1: start worker process 24
2021/06/13 17:14:55 [notice] 1#1: start worker process 25
2021/06/13 17:18:44 [error] 22#22: *1 open() "/usr/share/nginx/html/favicon.ico" failed (2: No such file or directory), client: 172.18.0.1, server: localhost, request: "GET /favicon.ico HTTP/1.1", host: "localhost:8080", referrer: "http://localhost:8080/"
2021/06/13 17:23:21 [notice] 1#1: using the "epoll" event method
2021/06/13 17:23:21 [notice] 1#1: nginx/1.21.0
2021/06/13 17:23:21 [notice] 1#1: built by gcc 8.3.0 (Debian 8.3.0-6) 
2021/06/13 17:23:21 [notice] 1#1: OS: Linux 5.8.0-55-generic
2021/06/13 17:23:21 [notice] 1#1: getrlimit(RLIMIT_NOFILE): 1048576:1048576
2021/06/13 17:23:21 [notice] 1#1: start worker processes
2021/06/13 17:23:21 [notice] 1#1: start worker process 22
2021/06/13 17:23:21 [notice] 1#1: start worker process 23
2021/06/13 17:23:21 [notice] 1#1: start worker process 24
2021/06/13 17:23:21 [notice] 1#1: start worker process 25
2021/06/13 17:25:04 [notice] 1#1: using the "epoll" event method
2021/06/13 17:25:04 [notice] 1#1: nginx/1.21.0
2021/06/13 17:25:04 [notice] 1#1: built by gcc 8.3.0 (Debian 8.3.0-6) 
2021/06/13 17:25:04 [notice] 1#1: OS: Linux 5.8.0-55-generic
2021/06/13 17:25:04 [notice] 1#1: getrlimit(RLIMIT_NOFILE): 1048576:1048576
2021/06/13 17:25:04 [notice] 1#1: start worker processes
2021/06/13 17:25:04 [notice] 1#1: start worker process 23
2021/06/13 17:25:04 [notice] 1#1: start worker process 24
2021/06/13 17:25:04 [notice] 1#1: start worker process 25
2021/06/13 17:25:04 [notice] 1#1: start worker process 26
2021/06/13 17:26:36 [notice] 1#1: signal 3 (SIGQUIT) received, shutting down
2021/06/13 17:26:36 [notice] 23#23: gracefully shutting down
2021/06/13 17:26:36 [notice] 23#23: exiting
2021/06/13 17:26:36 [notice] 23#23: exit
2021/06/13 17:26:36 [notice] 24#24: gracefully shutting down
2021/06/13 17:26:36 [notice] 24#24: exiting
2021/06/13 17:26:36 [notice] 24#24: exit
2021/06/13 17:26:36 [notice] 26#26: gracefully shutting down
2021/06/13 17:26:36 [notice] 26#26: exiting
2021/06/13 17:26:36 [notice] 26#26: exit
2021/06/13 17:26:36 [notice] 25#25: gracefully shutting down
2021/06/13 17:26:36 [notice] 25#25: exiting
2021/06/13 17:26:36 [notice] 25#25: exit
2021/06/13 17:26:36 [notice] 1#1: signal 17 (SIGCHLD) received from 23
2021/06/13 17:26:36 [notice] 1#1: worker process 23 exited with code 0
2021/06/13 17:26:36 [notice] 1#1: signal 29 (SIGIO) received
2021/06/13 17:26:36 [notice] 1#1: signal 17 (SIGCHLD) received from 26
2021/06/13 17:26:36 [notice] 1#1: worker process 26 exited with code 0
2021/06/13 17:26:36 [notice] 1#1: signal 29 (SIGIO) received
2021/06/13 17:26:36 [notice] 1#1: signal 17 (SIGCHLD) received from 24
2021/06/13 17:26:36 [notice] 1#1: worker process 24 exited with code 0
2021/06/13 17:26:36 [notice] 1#1: signal 29 (SIGIO) received
2021/06/13 17:26:36 [notice] 1#1: signal 17 (SIGCHLD) received from 25
2021/06/13 17:26:36 [notice] 1#1: worker process 25 exited with code 0
2021/06/13 17:26:36 [notice] 1#1: exit
2021/06/14 02:43:35 [notice] 1#1: using the "epoll" event method
2021/06/14 02:43:35 [notice] 1#1: nginx/1.21.0
2021/06/14 02:43:35 [notice] 1#1: built by gcc 8.3.0 (Debian 8.3.0-6) 
2021/06/14 02:43:35 [notice] 1#1: OS: Linux 5.8.0-55-generic
2021/06/14 02:43:35 [notice] 1#1: getrlimit(RLIMIT_NOFILE): 1048576:1048576
2021/06/14 02:43:35 [notice] 1#1: start worker processes
2021/06/14 02:43:35 [notice] 1#1: start worker process 22
2021/06/14 02:43:35 [notice] 1#1: start worker process 23
2021/06/14 02:43:35 [notice] 1#1: start worker process 24
2021/06/14 02:43:35 [notice] 1#1: start worker process 25
2021/06/14 03:00:17 [notice] 1#1: using the "epoll" event method
2021/06/14 03:00:17 [notice] 1#1: nginx/1.21.0
2021/06/14 03:00:17 [notice] 1#1: built by gcc 8.3.0 (Debian 8.3.0-6) 
2021/06/14 03:00:17 [notice] 1#1: OS: Linux 5.8.0-55-generic
2021/06/14 03:00:17 [notice] 1#1: getrlimit(RLIMIT_NOFILE): 1048576:1048576
2021/06/14 03:00:17 [notice] 1#1: start worker processes
2021/06/14 03:00:17 [notice] 1#1: start worker process 23
2021/06/14 03:00:17 [notice] 1#1: start worker process 24
2021/06/14 03:00:17 [notice] 1#1: start worker process 25
2021/06/14 03:00:17 [notice] 1#1: start worker process 26
2021/06/14 03:40:34 [error] 25#25: *4 open() "/usr/share/nginx/html/favicon.ico" failed (2: No such file or directory), client: 172.20.0.1, server: localhost, request: "GET /favicon.ico HTTP/1.1", host: "localhost:8080", referrer: "http://localhost:8080/"
2021/06/14 06:11:46 [notice] 1#1: signal 3 (SIGQUIT) received, shutting down
2021/06/14 06:11:46 [notice] 25#25: gracefully shutting down
2021/06/14 06:11:46 [notice] 26#26: gracefully shutting down
2021/06/14 06:11:46 [notice] 23#23: gracefully shutting down
2021/06/14 06:11:46 [notice] 25#25: exiting
2021/06/14 06:11:46 [notice] 26#26: exiting
2021/06/14 06:11:46 [notice] 23#23: exiting
2021/06/14 06:11:46 [notice] 25#25: exit
2021/06/14 06:11:46 [notice] 26#26: exit
2021/06/14 06:11:46 [notice] 23#23: exit
2021/06/14 06:11:46 [notice] 24#24: gracefully shutting down
2021/06/14 06:11:46 [notice] 24#24: exiting
2021/06/14 06:11:46 [notice] 24#24: exit
2021/06/14 06:11:46 [notice] 1#1: signal 17 (SIGCHLD) received from 23
2021/06/14 06:11:46 [notice] 1#1: worker process 23 exited with code 0
2021/06/14 06:11:46 [notice] 1#1: signal 29 (SIGIO) received
2021/06/14 06:11:46 [notice] 1#1: signal 17 (SIGCHLD) received from 24
2021/06/14 06:11:46 [notice] 1#1: worker process 24 exited with code 0
2021/06/14 06:11:46 [notice] 1#1: worker process 26 exited with code 0
2021/06/14 06:11:46 [notice] 1#1: signal 17 (SIGCHLD) received from 26
2021/06/14 06:11:46 [notice] 1#1: worker process 25 exited with code 0
2021/06/14 06:11:46 [notice] 1#1: exit
